0 info it worked if it ends with ok
1 verbose cli [ 'node', '/usr/local/bin/npm', 'install' ]
2 info using npm@1.4.28
3 info using node@v0.10.35
4 verbose readDependencies using package.json deps
5 verbose install where, deps [ '/Users/jenniferzhang/src/smartbell',
5 verbose install   [ 'body-parser',
5 verbose install     'cookie-parser',
5 verbose install     'debug',
5 verbose install     'express',
5 verbose install     'jade',
5 verbose install     'morgan',
5 verbose install     'serve-favicon',
5 verbose install     'mongodb',
5 verbose install     'monk' ] ]
6 info preinstall smartbell@0.0.0
7 verbose readDependencies using package.json deps
8 verbose cache add [ 'express@~4.12.4', null ]
9 verbose cache add name=undefined spec="express@~4.12.4" args=["express@~4.12.4",null]
10 verbose parsed url { protocol: null,
10 verbose parsed url   slashes: null,
10 verbose parsed url   auth: null,
10 verbose parsed url   host: null,
10 verbose parsed url   port: null,
10 verbose parsed url   hostname: null,
10 verbose parsed url   hash: null,
10 verbose parsed url   search: null,
10 verbose parsed url   query: null,
10 verbose parsed url   pathname: 'express@~4.12.4',
10 verbose parsed url   path: 'express@~4.12.4',
10 verbose parsed url   href: 'express@~4.12.4' }
11 verbose cache add [ 'jade@~1.9.2', null ]
12 verbose cache add name=undefined spec="jade@~1.9.2" args=["jade@~1.9.2",null]
13 verbose parsed url { protocol: null,
13 verbose parsed url   slashes: null,
13 verbose parsed url   auth: null,
13 verbose parsed url   host: null,
13 verbose parsed url   port: null,
13 verbose parsed url   hostname: null,
13 verbose parsed url   hash: null,
13 verbose parsed url   search: null,
13 verbose parsed url   query: null,
13 verbose parsed url   pathname: 'jade@~1.9.2',
13 verbose parsed url   path: 'jade@~1.9.2',
13 verbose parsed url   href: 'jade@~1.9.2' }
14 verbose already installed skipping morgan@~1.5.3 /Users/jenniferzhang/src/smartbell
15 verbose cache add name="express" spec="~4.12.4" args=["express","~4.12.4"]
16 verbose parsed url { protocol: null,
16 verbose parsed url   slashes: null,
16 verbose parsed url   auth: null,
16 verbose parsed url   host: null,
16 verbose parsed url   port: null,
16 verbose parsed url   hostname: null,
16 verbose parsed url   hash: null,
16 verbose parsed url   search: null,
16 verbose parsed url   query: null,
16 verbose parsed url   pathname: '~4.12.4',
16 verbose parsed url   path: '~4.12.4',
16 verbose parsed url   href: '~4.12.4' }
17 verbose addNamed [ 'express', '~4.12.4' ]
18 verbose addNamed [ null, '>=4.12.4-0 <4.13.0-0' ]
19 verbose cache add name="jade" spec="~1.9.2" args=["jade","~1.9.2"]
20 verbose parsed url { protocol: null,
20 verbose parsed url   slashes: null,
20 verbose parsed url   auth: null,
20 verbose parsed url   host: null,
20 verbose parsed url   port: null,
20 verbose parsed url   hostname: null,
20 verbose parsed url   hash: null,
20 verbose parsed url   search: null,
20 verbose parsed url   query: null,
20 verbose parsed url   pathname: '~1.9.2',
20 verbose parsed url   path: '~1.9.2',
20 verbose parsed url   href: '~1.9.2' }
21 verbose addNamed [ 'jade', '~1.9.2' ]
22 verbose addNamed [ null, '>=1.9.2-0 <1.10.0-0' ]
23 verbose already installed skipping serve-favicon@~2.2.1 /Users/jenniferzhang/src/smartbell
24 silly lockFile 8d972283-express-4-12-4 express@~4.12.4
25 verbose lock express@~4.12.4 /Users/jenniferzhang/.npm/8d972283-express-4-12-4.lock
26 silly lockFile ee522cbd-jade-1-9-2 jade@~1.9.2
27 verbose lock jade@~1.9.2 /Users/jenniferzhang/.npm/ee522cbd-jade-1-9-2.lock
28 verbose cache add [ 'mongodb@~2.0.33', null ]
29 verbose cache add name=undefined spec="mongodb@~2.0.33" args=["mongodb@~2.0.33",null]
30 verbose parsed url { protocol: null,
30 verbose parsed url   slashes: null,
30 verbose parsed url   auth: null,
30 verbose parsed url   host: null,
30 verbose parsed url   port: null,
30 verbose parsed url   hostname: null,
30 verbose parsed url   hash: null,
30 verbose parsed url   search: null,
30 verbose parsed url   query: null,
30 verbose parsed url   pathname: 'mongodb@~2.0.33',
30 verbose parsed url   path: 'mongodb@~2.0.33',
30 verbose parsed url   href: 'mongodb@~2.0.33' }
31 verbose cache add name="mongodb" spec="~2.0.33" args=["mongodb","~2.0.33"]
32 verbose parsed url { protocol: null,
32 verbose parsed url   slashes: null,
32 verbose parsed url   auth: null,
32 verbose parsed url   host: null,
32 verbose parsed url   port: null,
32 verbose parsed url   hostname: null,
32 verbose parsed url   hash: null,
32 verbose parsed url   search: null,
32 verbose parsed url   query: null,
32 verbose parsed url   pathname: '~2.0.33',
32 verbose parsed url   path: '~2.0.33',
32 verbose parsed url   href: '~2.0.33' }
33 verbose addNamed [ 'mongodb', '~2.0.33' ]
34 verbose addNamed [ null, '>=2.0.33-0 <2.1.0-0' ]
35 silly lockFile baf2b0cf-mongodb-2-0-33 mongodb@~2.0.33
36 verbose lock mongodb@~2.0.33 /Users/jenniferzhang/.npm/baf2b0cf-mongodb-2-0-33.lock
37 verbose cache add [ 'monk@~1.0.1', null ]
38 verbose cache add name=undefined spec="monk@~1.0.1" args=["monk@~1.0.1",null]
39 verbose parsed url { protocol: null,
39 verbose parsed url   slashes: null,
39 verbose parsed url   auth: null,
39 verbose parsed url   host: null,
39 verbose parsed url   port: null,
39 verbose parsed url   hostname: null,
39 verbose parsed url   hash: null,
39 verbose parsed url   search: null,
39 verbose parsed url   query: null,
39 verbose parsed url   pathname: 'monk@~1.0.1',
39 verbose parsed url   path: 'monk@~1.0.1',
39 verbose parsed url   href: 'monk@~1.0.1' }
40 verbose cache add name="monk" spec="~1.0.1" args=["monk","~1.0.1"]
41 verbose parsed url { protocol: null,
41 verbose parsed url   slashes: null,
41 verbose parsed url   auth: null,
41 verbose parsed url   host: null,
41 verbose parsed url   port: null,
41 verbose parsed url   hostname: null,
41 verbose parsed url   hash: null,
41 verbose parsed url   search: null,
41 verbose parsed url   query: null,
41 verbose parsed url   pathname: '~1.0.1',
41 verbose parsed url   path: '~1.0.1',
41 verbose parsed url   href: '~1.0.1' }
42 verbose addNamed [ 'monk', '~1.0.1' ]
43 verbose addNamed [ null, '>=1.0.1-0 <1.1.0-0' ]
44 silly lockFile a1eaadbe-monk-1-0-1 monk@~1.0.1
45 verbose lock monk@~1.0.1 /Users/jenniferzhang/.npm/a1eaadbe-monk-1-0-1.lock
46 silly addNameRange { name: 'jade', range: '>=1.9.2-0 <1.10.0-0', hasData: false }
47 silly addNameRange { name: 'express',
47 silly addNameRange   range: '>=4.12.4-0 <4.13.0-0',
47 silly addNameRange   hasData: false }
48 verbose cache add [ 'body-parser@~1.12.4', null ]
49 verbose cache add name=undefined spec="body-parser@~1.12.4" args=["body-parser@~1.12.4",null]
50 verbose parsed url { protocol: null,
50 verbose parsed url   slashes: null,
50 verbose parsed url   auth: null,
50 verbose parsed url   host: null,
50 verbose parsed url   port: null,
50 verbose parsed url   hostname: null,
50 verbose parsed url   hash: null,
50 verbose parsed url   search: null,
50 verbose parsed url   query: null,
50 verbose parsed url   pathname: 'body-parser@~1.12.4',
50 verbose parsed url   path: 'body-parser@~1.12.4',
50 verbose parsed url   href: 'body-parser@~1.12.4' }
51 silly addNameRange { name: 'mongodb', range: '>=2.0.33-0 <2.1.0-0', hasData: false }
52 verbose cache add name="body-parser" spec="~1.12.4" args=["body-parser","~1.12.4"]
53 verbose parsed url { protocol: null,
53 verbose parsed url   slashes: null,
53 verbose parsed url   auth: null,
53 verbose parsed url   host: null,
53 verbose parsed url   port: null,
53 verbose parsed url   hostname: null,
53 verbose parsed url   hash: null,
53 verbose parsed url   search: null,
53 verbose parsed url   query: null,
53 verbose parsed url   pathname: '~1.12.4',
53 verbose parsed url   path: '~1.12.4',
53 verbose parsed url   href: '~1.12.4' }
54 verbose addNamed [ 'body-parser', '~1.12.4' ]
55 verbose addNamed [ null, '>=1.12.4-0 <1.13.0-0' ]
56 silly lockFile 6b6495e4-body-parser-1-12-4 body-parser@~1.12.4
57 verbose lock body-parser@~1.12.4 /Users/jenniferzhang/.npm/6b6495e4-body-parser-1-12-4.lock
58 silly addNameRange { name: 'monk', range: '>=1.0.1-0 <1.1.0-0', hasData: false }
59 verbose already installed skipping cookie-parser@~1.3.5 /Users/jenniferzhang/src/smartbell
60 verbose request where is /monk
61 verbose request registry https://registry.npmjs.org/
62 verbose request id 75e30738f394f52b
63 verbose url raw /monk
64 verbose url resolving [ 'https://registry.npmjs.org/', './monk' ]
65 verbose url resolved https://registry.npmjs.org/monk
66 verbose request where is https://registry.npmjs.org/monk
67 info trying registry request attempt 1 at 13:20:06
68 http GET https://registry.npmjs.org/monk
69 verbose cache add [ 'debug@~2.2.0', null ]
70 verbose cache add name=undefined spec="debug@~2.2.0" args=["debug@~2.2.0",null]
71 verbose parsed url { protocol: null,
71 verbose parsed url   slashes: null,
71 verbose parsed url   auth: null,
71 verbose parsed url   host: null,
71 verbose parsed url   port: null,
71 verbose parsed url   hostname: null,
71 verbose parsed url   hash: null,
71 verbose parsed url   search: null,
71 verbose parsed url   query: null,
71 verbose parsed url   pathname: 'debug@~2.2.0',
71 verbose parsed url   path: 'debug@~2.2.0',
71 verbose parsed url   href: 'debug@~2.2.0' }
72 silly addNameRange { name: 'body-parser',
72 silly addNameRange   range: '>=1.12.4-0 <1.13.0-0',
72 silly addNameRange   hasData: false }
73 verbose cache add name="debug" spec="~2.2.0" args=["debug","~2.2.0"]
74 verbose parsed url { protocol: null,
74 verbose parsed url   slashes: null,
74 verbose parsed url   auth: null,
74 verbose parsed url   host: null,
74 verbose parsed url   port: null,
74 verbose parsed url   hostname: null,
74 verbose parsed url   hash: null,
74 verbose parsed url   search: null,
74 verbose parsed url   query: null,
74 verbose parsed url   pathname: '~2.2.0',
74 verbose parsed url   path: '~2.2.0',
74 verbose parsed url   href: '~2.2.0' }
75 verbose addNamed [ 'debug', '~2.2.0' ]
76 verbose addNamed [ null, '>=2.2.0-0 <2.3.0-0' ]
77 silly lockFile 7986b842-debug-2-2-0 debug@~2.2.0
78 verbose lock debug@~2.2.0 /Users/jenniferzhang/.npm/7986b842-debug-2-2-0.lock
79 verbose request where is /jade
80 verbose request registry https://registry.npmjs.org/
81 verbose url raw /jade
82 verbose url resolving [ 'https://registry.npmjs.org/', './jade' ]
83 verbose url resolved https://registry.npmjs.org/jade
84 verbose request where is https://registry.npmjs.org/jade
85 info trying registry request attempt 1 at 13:20:06
86 verbose etag "802YKOIDSVHF6ZLH133JJ87I8"
87 http GET https://registry.npmjs.org/jade
88 verbose request where is /express
89 verbose request registry https://registry.npmjs.org/
90 verbose url raw /express
91 verbose url resolving [ 'https://registry.npmjs.org/', './express' ]
92 verbose url resolved https://registry.npmjs.org/express
93 verbose request where is https://registry.npmjs.org/express
94 info trying registry request attempt 1 at 13:20:06
95 verbose etag "42BE76D1FEGHNFRG8KCPF4599"
96 http GET https://registry.npmjs.org/express
97 silly addNameRange { name: 'debug', range: '>=2.2.0-0 <2.3.0-0', hasData: false }
98 verbose request where is /mongodb
99 verbose request registry https://registry.npmjs.org/
100 verbose url raw /mongodb
101 verbose url resolving [ 'https://registry.npmjs.org/', './mongodb' ]
102 verbose url resolved https://registry.npmjs.org/mongodb
103 verbose request where is https://registry.npmjs.org/mongodb
104 info trying registry request attempt 1 at 13:20:06
105 verbose etag "56XFKGR8LJ0UXH9COI4YD2Q88"
106 http GET https://registry.npmjs.org/mongodb
107 verbose request where is /body-parser
108 verbose request registry https://registry.npmjs.org/
109 verbose url raw /body-parser
110 verbose url resolving [ 'https://registry.npmjs.org/', './body-parser' ]
111 verbose url resolved https://registry.npmjs.org/body-parser
112 verbose request where is https://registry.npmjs.org/body-parser
113 info trying registry request attempt 1 at 13:20:06
114 verbose etag "B29MV1GQ3JZXAL706GS5SIKOJ"
115 http GET https://registry.npmjs.org/body-parser
116 verbose request where is /debug
117 verbose request registry https://registry.npmjs.org/
118 verbose url raw /debug
119 verbose url resolving [ 'https://registry.npmjs.org/', './debug' ]
120 verbose url resolved https://registry.npmjs.org/debug
121 verbose request where is https://registry.npmjs.org/debug
122 info trying registry request attempt 1 at 13:20:06
123 verbose etag "A8XVDEL4LRFKP20BVCJ5BEKKW"
124 http GET https://registry.npmjs.org/debug
125 http 304 https://registry.npmjs.org/express
126 silly registry.get cb [ 304,
126 silly registry.get   { date: 'Sat, 13 Feb 2016 18:20:07 GMT',
126 silly registry.get     via: '1.1 varnish',
126 silly registry.get     'cache-control': 'max-age=300',
126 silly registry.get     etag: '"42BE76D1FEGHNFRG8KCPF4599"',
126 silly registry.get     age: '194',
126 silly registry.get     connection: 'keep-alive',
126 silly registry.get     'x-served-by': 'cache-jfk1036-JFK',
126 silly registry.get     'x-cache': 'HIT',
126 silly registry.get     'x-cache-hits': '2',
126 silly registry.get     'x-timer': 'S1455387607.040918,VS0,VE0',
126 silly registry.get     vary: 'Accept' } ]
127 verbose etag https://registry.npmjs.org/express from cache
128 http 304 https://registry.npmjs.org/jade
129 silly registry.get cb [ 304,
129 silly registry.get   { date: 'Sat, 13 Feb 2016 18:20:07 GMT',
129 silly registry.get     via: '1.1 varnish',
129 silly registry.get     'cache-control': 'max-age=300',
129 silly registry.get     etag: '"802YKOIDSVHF6ZLH133JJ87I8"',
129 silly registry.get     age: '285',
129 silly registry.get     connection: 'keep-alive',
129 silly registry.get     'x-served-by': 'cache-jfk1029-JFK',
129 silly registry.get     'x-cache': 'HIT',
129 silly registry.get     'x-cache-hits': '2',
129 silly registry.get     'x-timer': 'S1455387607.044167,VS0,VE0',
129 silly registry.get     vary: 'Accept' } ]
130 verbose etag https://registry.npmjs.org/jade from cache
131 http 304 https://registry.npmjs.org/debug
132 silly registry.get cb [ 304,
132 silly registry.get   { date: 'Sat, 13 Feb 2016 18:20:07 GMT',
132 silly registry.get     via: '1.1 varnish',
132 silly registry.get     'cache-control': 'max-age=300',
132 silly registry.get     etag: '"A8XVDEL4LRFKP20BVCJ5BEKKW"',
132 silly registry.get     age: '136',
132 silly registry.get     connection: 'keep-alive',
132 silly registry.get     'x-served-by': 'cache-jfk1036-JFK',
132 silly registry.get     'x-cache': 'HIT',
132 silly registry.get     'x-cache-hits': '6',
132 silly registry.get     'x-timer': 'S1455387607.055743,VS0,VE0',
132 silly registry.get     vary: 'Accept' } ]
133 verbose etag https://registry.npmjs.org/debug from cache
134 silly addNameRange number 2 { name: 'express', range: '>=4.12.4-0 <4.13.0-0', hasData: true }
135 silly addNameRange versions [ 'express',
135 silly addNameRange   [ '0.14.0',
135 silly addNameRange     '0.14.1',
135 silly addNameRange     '1.0.0',
135 silly addNameRange     '1.0.1',
135 silly addNameRange     '1.0.2',
135 silly addNameRange     '1.0.3',
135 silly addNameRange     '1.0.4',
135 silly addNameRange     '1.0.5',
135 silly addNameRange     '1.0.6',
135 silly addNameRange     '1.0.7',
135 silly addNameRange     '1.0.8',
135 silly addNameRange     '2.0.0',
135 silly addNameRange     '2.1.0',
135 silly addNameRange     '2.1.1',
135 silly addNameRange     '2.2.0',
135 silly addNameRange     '2.2.1',
135 silly addNameRange     '2.2.2',
135 silly addNameRange     '2.3.0',
135 silly addNameRange     '2.3.1',
135 silly addNameRange     '2.3.2',
135 silly addNameRange     '2.3.3',
135 silly addNameRange     '2.3.4',
135 silly addNameRange     '2.3.5',
135 silly addNameRange     '2.3.6',
135 silly addNameRange     '2.3.7',
135 silly addNameRange     '2.3.8',
135 silly addNameRange     '2.3.9',
135 silly addNameRange     '2.3.10',
135 silly addNameRange     '2.3.11',
135 silly addNameRange     '2.3.12',
135 silly addNameRange     '2.4.0',
135 silly addNameRange     '2.4.1',
135 silly addNameRange     '2.4.2',
135 silly addNameRange     '2.4.3',
135 silly addNameRange     '2.4.4',
135 silly addNameRange     '2.4.5',
135 silly addNameRange     '2.4.6',
135 silly addNameRange     '2.4.7',
135 silly addNameRange     '2.5.0',
135 silly addNameRange     '2.5.1',
135 silly addNameRange     '2.5.2',
135 silly addNameRange     '2.5.3',
135 silly addNameRange     '2.5.4',
135 silly addNameRange     '2.5.5',
135 silly addNameRange     '2.5.6',
135 silly addNameRange     '2.5.7',
135 silly addNameRange     '2.5.8',
135 silly addNameRange     '2.5.9',
135 silly addNameRange     '2.5.10',
135 silly addNameRange     '2.5.11',
135 silly addNameRange     '3.0.0',
135 silly addNameRange     '3.0.1',
135 silly addNameRange     '3.0.2',
135 silly addNameRange     '3.0.3',
135 silly addNameRange     '3.0.4',
135 silly addNameRange     '3.0.5',
135 silly addNameRange     '3.0.6',
135 silly addNameRange     '3.1.0',
135 silly addNameRange     '3.1.1',
135 silly addNameRange     '3.1.2',
135 silly addNameRange     '3.2.0',
135 silly addNameRange     '3.2.1',
135 silly addNameRange     '3.2.2',
135 silly addNameRange     '3.2.3',
135 silly addNameRange     '3.2.4',
135 silly addNameRange     '3.2.5',
135 silly addNameRange     '3.2.6',
135 silly addNameRange     '3.3.0',
135 silly addNameRange     '3.3.1',
135 silly addNameRange     '3.3.2',
135 silly addNameRange     '3.3.3',
135 silly addNameRange     '3.3.4',
135 silly addNameRange     '3.3.5',
135 silly addNameRange     '3.3.6',
135 silly addNameRange     '1.0.0-beta',
135 silly addNameRange     '1.0.0-beta2',
135 silly addNameRange     '1.0.0-rc',
135 silly addNameRange     '1.0.0-rc2',
135 silly addNameRange     '1.0.0-rc3',
135 silly addNameRange     '1.0.0-rc4',
135 silly addNameRange     '2.0.0-beta',
135 silly addNameRange     '2.0.0-beta2',
135 silly addNameRange     '2.0.0-beta3',
135 silly addNameRange     '2.0.0-rc',
135 silly addNameRange     '2.0.0-rc2',
135 silly addNameRange     '2.0.0-rc3',
135 silly addNameRange     '3.0.0-alpha1',
135 silly addNameRange     '3.0.0-alpha2',
135 silly addNameRange     '3.0.0-alpha3',
135 silly addNameRange     '3.0.0-alpha4',
135 silly addNameRange     '3.0.0-alpha5',
135 silly addNameRange     '3.0.0-beta1',
135 silly addNameRange     '3.0.0-beta2',
135 silly addNameRange     '3.0.0-beta3',
135 silly addNameRange     '3.0.0-beta4',
135 silly addNameRange     '3.0.0-beta6',
135 silly addNameRange     '3.0.0-beta7',
135 silly addNameRange     '3.0.0-rc1',
135 silly addNameRange     '3.0.0-rc2',
135 silly addNameRange     '3.0.0-rc3',
135 silly addNameRange     '3.0.0-rc4',
135 silly addNameRange     '3.0.0-rc5',
135 silly addNameRange     '3.3.7',
135 silly addNameRange     '3.3.8',
135 silly addNameRange     '3.4.0',
135 silly addNameRange     '3.4.1',
135 silly addNameRange     '3.4.2',
135 silly addNameRange     '3.4.3',
135 silly addNameRange     '3.4.4',
135 silly addNameRange     '3.4.5',
135 silly addNameRange     '3.4.6',
135 silly addNameRange     '3.4.7',
135 silly addNameRange     '3.4.8',
135 silly addNameRange     '4.0.0-rc1',
135 silly addNameRange     '4.0.0-rc2',
135 silly addNameRange     '3.5.0',
135 silly addNameRange     '4.0.0-rc3',
135 silly addNameRange     '4.0.0-rc4',
135 silly addNameRange     '3.5.1',
135 silly addNameRange     '4.0.0',
135 silly addNameRange     '3.5.2',
135 silly addNameRange     '4.1.0',
135 silly addNameRange     '4.1.1',
135 silly addNameRange     '3.5.3',
135 silly addNameRange     '4.1.2',
135 silly addNameRange     '3.6.0',
135 silly addNameRange     '4.2.0',
135 silly addNameRange     '3.7.0',
135 silly addNameRange     '3.8.0',
135 silly addNameRange     '4.3.0',
135 silly addNameRange     '4.3.1',
135 silly addNameRange     '3.8.1',
135 silly addNameRange     '4.3.2',
135 silly addNameRange     '3.9.0',
135 silly addNameRange     '4.4.0',
135 silly addNameRange     '4.4.1',
135 silly addNameRange     '3.10.0',
135 silly addNameRange     '3.10.1',
135 silly addNameRange     '3.10.2',
135 silly addNameRange     '3.10.3',
135 silly addNameRange     '3.10.4',
135 silly addNameRange     '4.4.2',
135 silly addNameRange     '3.10.5',
135 silly addNameRange     '4.4.3',
135 silly addNameRange     '3.11.0',
135 silly addNameRange     '4.4.4',
135 silly addNameRange     '3.12.0',
135 silly addNameRange     '3.12.1',
135 silly addNameRange     '4.4.5',
135 silly addNameRange     '3.13.0',
135 silly addNameRange     '4.5.0',
135 silly addNameRange     '4.5.1',
135 silly addNameRange     '3.14.0',
135 silly addNameRange     '4.6.0',
135 silly addNameRange     '4.6.1',
135 silly addNameRange     '3.15.0',
135 silly addNameRange     '4.7.0',
135 silly addNameRange     '3.15.1',
135 silly addNameRange     '4.7.1',
135 silly addNameRange     '3.15.2',
135 silly addNameRange     '4.7.2',
135 silly addNameRange     '4.7.3',
135 silly addNameRange     '3.15.3',
135 silly addNameRange     '4.7.4',
135 silly addNameRange     '3.16.0',
135 silly addNameRange     '4.8.0',
135 silly addNameRange     '3.16.1',
135 silly addNameRange     '4.8.1',
135 silly addNameRange     '3.16.2',
135 silly addNameRange     '4.8.2',
135 silly addNameRange     '3.16.3',
135 silly addNameRange     '3.16.4',
135 silly addNameRange     '4.8.3',
135 silly addNameRange     '3.16.5',
135 silly addNameRange     '3.16.6',
135 silly addNameRange     '4.8.4',
135 silly addNameRange     '3.16.7',
135 silly addNameRange     '4.8.5',
135 silly addNameRange     '3.16.8',
135 silly addNameRange     '4.8.6',
135 silly addNameRange     '3.16.9',
135 silly addNameRange     '4.8.7',
135 silly addNameRange     '3.16.10',
135 silly addNameRange     '4.8.8',
135 silly addNameRange     '3.17.0',
135 silly addNameRange     '3.17.1',
135 silly addNameRange     '4.9.0',
135 silly addNameRange     '3.17.2',
135 silly addNameRange     '4.9.1',
135 silly addNameRange     '4.9.2',
135 silly addNameRange     '3.17.3',
135 silly addNameRange     '4.9.3',
135 silly addNameRange     '3.17.4',
135 silly addNameRange     '4.9.4',
135 silly addNameRange     '3.17.5',
135 silly addNameRange     '4.9.5',
135 silly addNameRange     '3.17.6',
135 silly addNameRange     '3.17.7',
135 silly addNameRange     '4.9.6',
135 silly addNameRange     '4.9.7',
135 silly addNameRange     '3.17.8',
135 silly addNameRange     '4.9.8',
135 silly addNameRange     '3.18.0',
135 silly addNameRange     '3.18.1',
135 silly addNameRange     '4.10.0',
135 silly addNameRange     '3.18.2',
135 silly addNameRange     '4.10.1',
135 silly addNameRange     '5.0.0-alpha.1',
135 silly addNameRange     '3.18.3',
135 silly addNameRange     '4.10.2',
135 silly addNameRange     '3.18.4',
135 silly addNameRange     '4.10.3',
135 silly addNameRange     '4.10.4',
135 silly addNameRange     '4.10.5',
135 silly addNameRange     '3.18.5',
135 silly addNameRange     '3.18.6',
135 silly addNameRange     '4.10.6',
135 silly addNameRange     '4.10.7',
135 silly addNameRange     '3.19.0',
135 silly addNameRange     '4.10.8',
135 silly addNameRange     '4.11.0',
135 silly addNameRange     '3.19.1',
135 silly addNameRange     '4.11.1',
135 silly addNameRange     '3.19.2',
135 silly addNameRange     '4.11.2',
135 silly addNameRange     '3.20.0',
135 silly addNameRange     '4.12.0',
135 silly addNameRange     '3.20.1',
135 silly addNameRange     '4.12.1',
135 silly addNameRange     '4.12.2',
135 silly addNameRange     '3.20.2',
135 silly addNameRange     '4.12.3',
135 silly addNameRange     '3.20.3',
135 silly addNameRange     '4.12.4',
135 silly addNameRange     '3.21.0',
135 silly addNameRange     '4.13.0',
135 silly addNameRange     '3.21.1',
135 silly addNameRange     '4.13.1',
135 silly addNameRange     '5.0.0-alpha.2',
135 silly addNameRange     '3.21.2',
135 silly addNameRange     '4.13.2',
135 silly addNameRange     '4.13.3',
135 silly addNameRange     '4.13.4' ] ]
136 verbose addNamed [ 'express', '4.12.4' ]
137 verbose addNamed [ '4.12.4', '4.12.4' ]
138 silly lockFile 3b813118-express-4-12-4 express@4.12.4
139 verbose lock express@4.12.4 /Users/jenniferzhang/.npm/3b813118-express-4-12-4.lock
140 silly addNameRange number 2 { name: 'jade', range: '>=1.9.2-0 <1.10.0-0', hasData: true }
141 silly addNameRange versions [ 'jade',
141 silly addNameRange   [ '0.0.1',
141 silly addNameRange     '0.0.2',
141 silly addNameRange     '0.1.0',
141 silly addNameRange     '0.2.0',
141 silly addNameRange     '0.2.1',
141 silly addNameRange     '0.2.2',
141 silly addNameRange     '0.2.3',
141 silly addNameRange     '0.2.4',
141 silly addNameRange     '0.3.0',
141 silly addNameRange     '0.4.0',
141 silly addNameRange     '0.4.1',
141 silly addNameRange     '0.5.0',
141 silly addNameRange     '0.5.1',
141 silly addNameRange     '0.5.2',
141 silly addNameRange     '0.5.3',
141 silly addNameRange     '0.5.4',
141 silly addNameRange     '0.5.5',
141 silly addNameRange     '0.5.6',
141 silly addNameRange     '0.5.7',
141 silly addNameRange     '0.6.0',
141 silly addNameRange     '0.6.1',
141 silly addNameRange     '0.6.3',
141 silly addNameRange     '0.7.0',
141 silly addNameRange     '0.7.1',
141 silly addNameRange     '0.8.0',
141 silly addNameRange     '0.8.1',
141 silly addNameRange     '0.8.2',
141 silly addNameRange     '0.8.3',
141 silly addNameRange     '0.8.4',
141 silly addNameRange     '0.8.5',
141 silly addNameRange     '0.8.6',
141 silly addNameRange     '0.8.7',
141 silly addNameRange     '0.8.8',
141 silly addNameRange     '0.8.9',
141 silly addNameRange     '0.9.0',
141 silly addNameRange     '0.9.1',
141 silly addNameRange     '0.9.2',
141 silly addNameRange     '0.9.3',
141 silly addNameRange     '0.10.0',
141 silly addNameRange     '0.10.1',
141 silly addNameRange     '0.10.2',
141 silly addNameRange     '0.10.3',
141 silly addNameRange     '0.10.4',
141 silly addNameRange     '0.10.5',
141 silly addNameRange     '0.10.6',
141 silly addNameRange     '0.10.7',
141 silly addNameRange     '0.11.0',
141 silly addNameRange     '0.11.1',
141 silly addNameRange     '0.12.0',
141 silly addNameRange     '0.12.1',
141 silly addNameRange     '0.12.2',
141 silly addNameRange     '0.12.3',
141 silly addNameRange     '0.12.4',
141 silly addNameRange     '0.13.0',
141 silly addNameRange     '0.14.0',
141 silly addNameRange     '0.14.1',
141 silly addNameRange     '0.14.2',
141 silly addNameRange     '0.15.0',
141 silly addNameRange     '0.15.1',
141 silly addNameRange     '0.15.2',
141 silly addNameRange     '0.15.3',
141 silly addNameRange     '0.15.4',
141 silly addNameRange     '0.16.0',
141 silly addNameRange     '0.16.1',
141 silly addNameRange     '0.16.2',
141 silly addNameRange     '0.16.3',
141 silly addNameRange     '0.16.4',
141 silly addNameRange     '0.17.0',
141 silly addNameRange     '0.18.0',
141 silly addNameRange     '0.19.0',
141 silly addNameRange     '0.20.0',
141 silly addNameRange     '0.20.1',
141 silly addNameRange     '0.20.2',
141 silly addNameRange     '0.20.3',
141 silly addNameRange     '0.21.0',
141 silly addNameRange     '0.22.0',
141 silly addNameRange     '0.22.1',
141 silly addNameRange     '0.23.0',
141 silly addNameRange     '0.24.0',
141 silly addNameRange     '0.25.0',
141 silly addNameRange     '0.26.0',
141 silly addNameRange     '0.26.1',
141 silly addNameRange     '0.26.2',
141 silly addNameRange     '0.26.3',
141 silly addNameRange     '0.27.0',
141 silly addNameRange     '0.27.1',
141 silly addNameRange     '0.27.2',
141 silly addNameRange     '0.27.3',
141 silly addNameRange     '0.27.4',
141 silly addNameRange     '0.27.5',
141 silly addNameRange     '0.27.6',
141 silly addNameRange     '0.27.7',
141 silly addNameRange     '0.28.0',
141 silly addNameRange     '0.28.1',
141 silly addNameRange     '0.28.2',
141 silly addNameRange     '0.29.0',
141 silly addNameRange     '0.30.0',
141 silly addNameRange     '0.31.0',
141 silly addNameRange     '0.31.1',
141 silly addNameRange     '0.31.2',
141 silly addNameRange     '0.32.0',
141 silly addNameRange     '0.33.0',
141 silly addNameRange     '0.34.0',
141 silly addNameRange     '0.34.1',
141 silly addNameRange     '0.35.0',
141 silly addNameRange     '1.0.0',
141 silly addNameRange     '1.0.1',
141 silly addNameRange     '1.0.2',
141 silly addNameRange     '1.1.0',
141 silly addNameRange     '1.1.1',
141 silly addNameRange     '1.1.2',
141 silly addNameRange     '1.1.3',
141 silly addNameRange     '1.1.4',
141 silly addNameRange     '1.1.5',
141 silly addNameRange     '1.2.0',
141 silly addNameRange     '1.3.0',
141 silly addNameRange     '1.3.1',
141 silly addNameRange     '1.4.0',
141 silly addNameRange     '1.4.1',
141 silly addNameRange     '1.4.2',
141 silly addNameRange     '1.5.0',
141 silly addNameRange     '1.6.0',
141 silly addNameRange     '1.7.0',
141 silly addNameRange     '1.8.0',
141 silly addNameRange     '1.8.1',
141 silly addNameRange     '1.8.2',
141 silly addNameRange     '1.9.0',
141 silly addNameRange     '1.9.1',
141 silly addNameRange     '1.9.2',
141 silly addNameRange     '1.10.0',
141 silly addNameRange     '1.11.0' ] ]
142 verbose addNamed [ 'jade', '1.9.2' ]
143 verbose addNamed [ '1.9.2', '1.9.2' ]
144 silly lockFile 20e0e06b-jade-1-9-2 jade@1.9.2
145 verbose lock jade@1.9.2 /Users/jenniferzhang/.npm/20e0e06b-jade-1-9-2.lock
146 http 304 https://registry.npmjs.org/body-parser
147 silly registry.get cb [ 304,
147 silly registry.get   { date: 'Sat, 13 Feb 2016 18:20:07 GMT',
147 silly registry.get     via: '1.1 varnish',
147 silly registry.get     'cache-control': 'max-age=300',
147 silly registry.get     etag: '"B29MV1GQ3JZXAL706GS5SIKOJ"',
147 silly registry.get     age: '202',
147 silly registry.get     connection: 'keep-alive',
147 silly registry.get     'x-served-by': 'cache-jfk1027-JFK',
147 silly registry.get     'x-cache': 'HIT',
147 silly registry.get     'x-cache-hits': '2',
147 silly registry.get     'x-timer': 'S1455387607.081157,VS0,VE0',
147 silly registry.get     vary: 'Accept' } ]
148 verbose etag https://registry.npmjs.org/body-parser from cache
149 silly addNameRange number 2 { name: 'debug', range: '>=2.2.0-0 <2.3.0-0', hasData: true }
150 silly addNameRange versions [ 'debug',
150 silly addNameRange   [ '0.0.1',
150 silly addNameRange     '0.1.0',
150 silly addNameRange     '0.2.0',
150 silly addNameRange     '0.3.0',
150 silly addNameRange     '0.4.0',
150 silly addNameRange     '0.4.1',
150 silly addNameRange     '0.5.0',
150 silly addNameRange     '0.6.0',
150 silly addNameRange     '0.7.0',
150 silly addNameRange     '0.7.1',
150 silly addNameRange     '0.7.2',
150 silly addNameRange     '0.7.3',
150 silly addNameRange     '0.7.4',
150 silly addNameRange     '0.8.0',
150 silly addNameRange     '0.8.1',
150 silly addNameRange     '1.0.0',
150 silly addNameRange     '1.0.1',
150 silly addNameRange     '1.0.2',
150 silly addNameRange     '1.0.3',
150 silly addNameRange     '1.0.4',
150 silly addNameRange     '2.0.0',
150 silly addNameRange     '2.1.0',
150 silly addNameRange     '2.1.1',
150 silly addNameRange     '2.1.2',
150 silly addNameRange     '2.1.3',
150 silly addNameRange     '2.2.0' ] ]
151 verbose addNamed [ 'debug', '2.2.0' ]
152 verbose addNamed [ '2.2.0', '2.2.0' ]
153 silly lockFile 82f99b48-debug-2-2-0 debug@2.2.0
154 verbose lock debug@2.2.0 /Users/jenniferzhang/.npm/82f99b48-debug-2-2-0.lock
155 silly addNameRange number 2 { name: 'body-parser',
155 silly addNameRange   range: '>=1.12.4-0 <1.13.0-0',
155 silly addNameRange   hasData: true }
156 silly addNameRange versions [ 'body-parser',
156 silly addNameRange   [ '1.0.0',
156 silly addNameRange     '1.0.1',
156 silly addNameRange     '1.0.2',
156 silly addNameRange     '1.1.0',
156 silly addNameRange     '1.1.1',
156 silly addNameRange     '1.1.2',
156 silly addNameRange     '1.2.0',
156 silly addNameRange     '1.2.1',
156 silly addNameRange     '1.2.2',
156 silly addNameRange     '1.3.0',
156 silly addNameRange     '1.3.1',
156 silly addNameRange     '1.4.0',
156 silly addNameRange     '1.4.1',
156 silly addNameRange     '1.4.2',
156 silly addNameRange     '1.4.3',
156 silly addNameRange     '1.5.0',
156 silly addNameRange     '1.5.1',
156 silly addNameRange     '1.5.2',
156 silly addNameRange     '1.6.0',
156 silly addNameRange     '1.6.1',
156 silly addNameRange     '1.6.2',
156 silly addNameRange     '1.6.3',
156 silly addNameRange     '1.6.4',
156 silly addNameRange     '1.6.5',
156 silly addNameRange     '1.6.6',
156 silly addNameRange     '1.6.7',
156 silly addNameRange     '1.7.0',
156 silly addNameRange     '1.8.0',
156 silly addNameRange     '1.8.1',
156 silly addNameRange     '1.8.2',
156 silly addNameRange     '1.8.3',
156 silly addNameRange     '1.8.4',
156 silly addNameRange     '1.9.0',
156 silly addNameRange     '1.9.1',
156 silly addNameRange     '1.9.2',
156 silly addNameRange     '1.9.3',
156 silly addNameRange     '1.10.0',
156 silly addNameRange     '1.10.1',
156 silly addNameRange     '1.10.2',
156 silly addNameRange     '1.11.0',
156 silly addNameRange     '1.12.0',
156 silly addNameRange     '1.12.1',
156 silly addNameRange     '1.12.2',
156 silly addNameRange     '1.12.3',
156 silly addNameRange     '1.12.4',
156 silly addNameRange     '1.13.0',
156 silly addNameRange     '1.13.1',
156 silly addNameRange     '1.13.2',
156 silly addNameRange     '1.13.3',
156 silly addNameRange     '1.14.0',
156 silly addNameRange     '1.14.1',
156 silly addNameRange     '1.14.2',
156 silly addNameRange     '1.15.0' ] ]
157 verbose addNamed [ 'body-parser', '1.12.4' ]
158 verbose addNamed [ '1.12.4', '1.12.4' ]
159 silly lockFile b06c8939-body-parser-1-12-4 body-parser@1.12.4
160 verbose lock body-parser@1.12.4 /Users/jenniferzhang/.npm/b06c8939-body-parser-1-12-4.lock
161 silly lockFile 3b813118-express-4-12-4 express@4.12.4
162 silly lockFile 3b813118-express-4-12-4 express@4.12.4
163 silly lockFile 20e0e06b-jade-1-9-2 jade@1.9.2
164 silly lockFile 20e0e06b-jade-1-9-2 jade@1.9.2
165 silly lockFile 82f99b48-debug-2-2-0 debug@2.2.0
166 silly lockFile 82f99b48-debug-2-2-0 debug@2.2.0
167 silly lockFile 8d972283-express-4-12-4 express@~4.12.4
168 silly lockFile 8d972283-express-4-12-4 express@~4.12.4
169 silly lockFile ee522cbd-jade-1-9-2 jade@~1.9.2
170 silly lockFile ee522cbd-jade-1-9-2 jade@~1.9.2
171 silly lockFile 7986b842-debug-2-2-0 debug@~2.2.0
172 silly lockFile 7986b842-debug-2-2-0 debug@~2.2.0
173 silly lockFile b06c8939-body-parser-1-12-4 body-parser@1.12.4
174 silly lockFile b06c8939-body-parser-1-12-4 body-parser@1.12.4
175 silly lockFile 6b6495e4-body-parser-1-12-4 body-parser@~1.12.4
176 silly lockFile 6b6495e4-body-parser-1-12-4 body-parser@~1.12.4
177 http 200 https://registry.npmjs.org/monk
178 silly registry.get cb [ 200,
178 silly registry.get   { server: 'CouchDB/1.5.0 (Erlang OTP/R16B03)',
178 silly registry.get     etag: '"D4RKZ5AXYWCJ7H29TSBMTVPGP"',
178 silly registry.get     'content-type': 'application/json',
178 silly registry.get     'cache-control': 'max-age=300',
178 silly registry.get     'content-length': '28648',
178 silly registry.get     'accept-ranges': 'bytes',
178 silly registry.get     date: 'Sat, 13 Feb 2016 18:20:07 GMT',
178 silly registry.get     via: '1.1 varnish',
178 silly registry.get     age: '0',
178 silly registry.get     connection: 'keep-alive',
178 silly registry.get     'x-served-by': 'cache-jfk1042-JFK',
178 silly registry.get     'x-cache': 'MISS',
178 silly registry.get     'x-cache-hits': '0',
178 silly registry.get     'x-timer': 'S1455387607.042739,VS0,VE96',
178 silly registry.get     vary: 'Accept' } ]
179 silly addNameRange number 2 { name: 'monk', range: '>=1.0.1-0 <1.1.0-0', hasData: true }
180 silly addNameRange versions [ 'monk',
180 silly addNameRange   [ '0.1.0',
180 silly addNameRange     '0.1.2',
180 silly addNameRange     '0.1.3',
180 silly addNameRange     '0.1.4',
180 silly addNameRange     '0.1.5',
180 silly addNameRange     '0.1.6',
180 silly addNameRange     '0.1.7',
180 silly addNameRange     '0.1.8',
180 silly addNameRange     '0.1.9',
180 silly addNameRange     '0.1.10',
180 silly addNameRange     '0.1.11',
180 silly addNameRange     '0.1.12',
180 silly addNameRange     '0.1.13',
180 silly addNameRange     '0.1.14',
180 silly addNameRange     '0.1.15',
180 silly addNameRange     '0.2.0',
180 silly addNameRange     '0.2.1',
180 silly addNameRange     '0.3.0',
180 silly addNameRange     '0.4.0',
180 silly addNameRange     '0.5.0',
180 silly addNameRange     '0.6.0',
180 silly addNameRange     '0.7.0',
180 silly addNameRange     '0.7.1',
180 silly addNameRange     '0.8.0',
180 silly addNameRange     '0.8.1',
180 silly addNameRange     '0.9.0',
180 silly addNameRange     '0.9.1',
180 silly addNameRange     '1.0.0',
180 silly addNameRange     '1.0.1' ] ]
181 verbose addNamed [ 'monk', '1.0.1' ]
182 verbose addNamed [ '1.0.1', '1.0.1' ]
183 silly lockFile 6ea192be-monk-1-0-1 monk@1.0.1
184 verbose lock monk@1.0.1 /Users/jenniferzhang/.npm/6ea192be-monk-1-0-1.lock
185 silly lockFile ab0349b4-ry-npmjs-org-monk-monk-1-0-1-tgz https://registry.npmjs.org/monk/-/monk-1.0.1.tgz
186 verbose lock https://registry.npmjs.org/monk/-/monk-1.0.1.tgz /Users/jenniferzhang/.npm/ab0349b4-ry-npmjs-org-monk-monk-1-0-1-tgz.lock
187 verbose addRemoteTarball [ 'https://registry.npmjs.org/monk/-/monk-1.0.1.tgz',
187 verbose addRemoteTarball   '56ad6623b5790fec4a5a69071fee7e75a2affac4' ]
188 info retry fetch attempt 1 at 13:20:06
189 verbose fetch to= /var/folders/2z/vy1hm12x67v1t75m2lk9nnbc0000gn/T/npm-18054-kAjrJrtG/registry.npmjs.org/monk/-/monk-1.0.1.tgz
190 http GET https://registry.npmjs.org/monk/-/monk-1.0.1.tgz
191 http 200 https://registry.npmjs.org/mongodb
192 silly registry.get cb [ 200,
192 silly registry.get   { server: 'CouchDB/1.5.0 (Erlang OTP/R16B03)',
192 silly registry.get     etag: '"3ANRE1QA2UY1QHM9KJ99JRW4Z"',
192 silly registry.get     'content-type': 'application/json',
192 silly registry.get     'cache-control': 'max-age=300',
192 silly registry.get     'content-length': '514417',
192 silly registry.get     'accept-ranges': 'bytes',
192 silly registry.get     date: 'Sat, 13 Feb 2016 18:20:07 GMT',
192 silly registry.get     via: '1.1 varnish',
192 silly registry.get     age: '287',
192 silly registry.get     connection: 'keep-alive',
192 silly registry.get     'x-served-by': 'cache-jfk1041-JFK',
192 silly registry.get     'x-cache': 'HIT',
192 silly registry.get     'x-cache-hits': '2',
192 silly registry.get     'x-timer': 'S1455387607.078678,VS0,VE0',
192 silly registry.get     vary: 'Accept' } ]
193 silly addNameRange number 2 { name: 'mongodb', range: '>=2.0.33-0 <2.1.0-0', hasData: true }
194 silly addNameRange versions [ 'mongodb',
194 silly addNameRange   [ '0.9.4',
194 silly addNameRange     '0.9.4-4',
194 silly addNameRange     '0.9.3',
194 silly addNameRange     '0.9.1',
194 silly addNameRange     '0.9.2',
194 silly addNameRange     '0.9.6-7',
194 silly addNameRange     '0.9.6-8',
194 silly addNameRange     '0.9.6-9',
194 silly addNameRange     '0.9.6-10',
194 silly addNameRange     '0.9.6-11',
194 silly addNameRange     '0.9.6-12',
194 silly addNameRange     '0.9.6-13',
194 silly addNameRange     '0.9.6-14',
194 silly addNameRange     '0.9.6-15',
194 silly addNameRange     '0.9.6-16',
194 silly addNameRange     '0.9.6-17',
194 silly addNameRange     '0.9.6-18',
194 silly addNameRange     '0.9.6-19',
194 silly addNameRange     '0.9.6-20',
194 silly addNameRange     '0.9.6-21',
194 silly addNameRange     '0.9.6-22',
194 silly addNameRange     '0.9.6-23',
194 silly addNameRange     '0.9.7',
194 silly addNameRange     '0.9.7-0',
194 silly addNameRange     '0.9.7-1',
194 silly addNameRange     '0.9.7-1.1',
194 silly addNameRange     '0.9.7-1.2',
194 silly addNameRange     '0.9.7-1.3',
194 silly addNameRange     '0.9.7-1.4',
194 silly addNameRange     '0.9.7-2',
194 silly addNameRange     '0.9.7-2-1',
194 silly addNameRange     '0.9.7-2-2',
194 silly addNameRange     '0.9.7-2-3',
194 silly addNameRange     '0.9.7-2-4',
194 silly addNameRange     '0.9.7-2-5',
194 silly addNameRange     '0.9.7-3',
194 silly addNameRange     '0.9.7-3-1',
194 silly addNameRange     '0.9.7-3-2',
194 silly addNameRange     '0.9.7-3-3',
194 silly addNameRange     '0.9.7-3-4',
194 silly addNameRange     '0.9.7-3-5',
194 silly addNameRange     '0.9.8',
194 silly addNameRange     '0.9.8-1',
194 silly addNameRange     '0.9.8-2',
194 silly addNameRange     '0.9.8-3',
194 silly addNameRange     '0.9.8-4',
194 silly addNameRange     '0.9.8-5',
194 silly addNameRange     '0.9.8-6',
194 silly addNameRange     '0.9.8-7',
194 silly addNameRange     '0.9.9',
194 silly addNameRange     '0.9.9-1',
194 silly addNameRange     '0.9.9-2',
194 silly addNameRange     '0.9.9-3',
194 silly addNameRange     '0.9.9-4',
194 silly addNameRange     '0.9.9-5',
194 silly addNameRange     '0.9.9-6',
194 silly addNameRange     '0.9.9-7',
194 silly addNameRange     '0.9.9-8',
194 silly addNameRange     '1.0.0',
194 silly addNameRange     '1.0.1',
194 silly addNameRange     '1.0.2',
194 silly addNameRange     '1.1.0-beta',
194 silly addNameRange     '1.1.0',
194 silly addNameRange     '1.1.1',
194 silly addNameRange     '1.1.2',
194 silly addNameRange     '1.1.3',
194 silly addNameRange     '1.1.4',
194 silly addNameRange     '1.1.5',
194 silly addNameRange     '1.1.6',
194 silly addNameRange     '1.1.7',
194 silly addNameRange     '1.1.8',
194 silly addNameRange     '1.1.9',
194 silly addNameRange     '1.1.10',
194 silly addNameRange     '1.1.11',
194 silly addNameRange     '1.2.0',
194 silly addNameRange     '1.2.1',
194 silly addNameRange     '1.2.2',
194 silly addNameRange     '1.2.3',
194 silly addNameRange     '1.2.4',
194 silly addNameRange     '1.2.5',
194 silly addNameRange     '1.2.6',
194 silly addNameRange     '1.2.7',
194 silly addNameRange     '1.2.8',
194 silly addNameRange     '1.2.9',
194 silly addNameRange     '1.2.10',
194 silly addNameRange     '1.2.11',
194 silly addNameRange     '1.2.12',
194 silly addNameRange     '1.2.13',
194 silly addNameRange     '1.2.14',
194 silly addNameRange     '1.3.0',
194 silly addNameRange     '1.3.1',
194 silly addNameRange     '1.3.2',
194 silly addNameRange     '1.3.3',
194 silly addNameRange     '1.3.4',
194 silly addNameRange     '1.3.5',
194 silly addNameRange     '1.3.6',
194 silly addNameRange     '1.3.7',
194 silly addNameRange     '1.3.8',
194 silly addNameRange     '1.3.9',
194 silly addNameRange     '1.3.10',
194 silly addNameRange     '1.3.11',
194 silly addNameRange     '1.3.12',
194 silly addNameRange     '1.3.14',
194 silly addNameRange     '1.3.15',
194 silly addNameRange     '1.3.17',
194 silly addNameRange     '1.3.18',
194 silly addNameRange     '1.3.19',
194 silly addNameRange     '1.4.0-rc2',
194 silly addNameRange     '1.3.20',
194 silly addNameRange     '1.4.0-rc3',
194 silly addNameRange     '1.3.21',
194 silly addNameRange     '1.3.22',
194 silly addNameRange     '1.3.23',
194 silly addNameRange     '1.4.0-rc4',
194 silly addNameRange     '1.4.0-rc5',
194 silly addNameRange     '1.4.0-rc6',
194 silly addNameRange     '1.4.0-rc7',
194 silly addNameRange     '1.4.0-rc8',
194 silly addNameRange     '1.4.0-rc9',
194 silly addNameRange     '1.4.0-rc10',
194 silly addNameRange     '1.4.0',
194 silly addNameRange     '1.4.1',
194 silly addNameRange     '1.4.2',
194 silly addNameRange     '1.4.3',
194 silly addNameRange     '1.4.4',
194 silly addNameRange     '1.4.5',
194 silly addNameRange     '1.4.6',
194 silly addNameRange     '1.4.7',
194 silly addNameRange     '1.4.8',
194 silly addNameRange     '1.4.9',
194 silly addNameRange     '1.4.10',
194 silly addNameRange     '2.0.0-alpha1',
194 silly addNameRange     '1.4.11',
194 silly addNameRange     '1.4.12',
194 silly addNameRange     '1.4.14',
194 silly addNameRange     '1.4.15',
194 silly addNameRange     '1.4.16',
194 silly addNameRange     '1.4.17',
194 silly addNameRange     '2.0.0-alpha2',
194 silly addNameRange     '1.4.18',
194 silly addNameRange     '2.0.0',
194 silly addNameRange     '2.0.1',
194 silly addNameRange     '2.0.2',
194 silly addNameRange     '1.4.19',
194 silly addNameRange     '2.0.3',
194 silly addNameRange     '2.0.4',
194 silly addNameRange     '2.0.5',
194 silly addNameRange     '2.0.6',
194 silly addNameRange     '1.4.20',
194 silly addNameRange     '1.4.22',
194 silly addNameRange     '2.0.7',
194 silly addNameRange     '2.0.8',
194 silly addNameRange     '2.0.9',
194 silly addNameRange     '1.4.23',
194 silly addNameRange     '2.0.10',
194 silly addNameRange     '1.4.24',
194 silly addNameRange     '2.0.11',
194 silly addNameRange     '1.4.25',
194 silly addNameRange     '2.0.12',
194 silly addNameRange     '1.4.26',
194 silly addNameRange     '1.4.27',
194 silly addNameRange     '1.4.28',
194 silly addNameRange     '2.0.13',
194 silly addNameRange     '2.0.14',
194 silly addNameRange     '1.4.29',
194 silly addNameRange     '2.0.15',
194 silly addNameRange     '1.4.30',
194 silly addNameRange     '2.0.16',
194 silly addNameRange     '1.4.31',
194 silly addNameRange     '2.0.17',
194 silly addNameRange     '1.4.32',
194 silly addNameRange     '2.0.18',
194 silly addNameRange     '2.0.19',
194 silly addNameRange     '1.4.33',
194 silly addNameRange     '2.0.20',
194 silly addNameRange     '2.0.21',
194 silly addNameRange     '1.4.34',
194 silly addNameRange     '2.0.22',
194 silly addNameRange     '2.0.23',
194 silly addNameRange     '1.4.35',
194 silly addNameRange     '2.0.24',
194 silly addNameRange     '2.0.25',
194 silly addNameRange     '2.0.26',
194 silly addNameRange     '2.0.27',
194 silly addNameRange     '2.0.28',
194 silly addNameRange     '2.0.29',
194 silly addNameRange     '1.4.36',
194 silly addNameRange     '2.0.30',
194 silly addNameRange     '1.4.37',
194 silly addNameRange     '2.0.31',
194 silly addNameRange     '1.4.38',
194 silly addNameRange     '2.0.32',
194 silly addNameRange     '2.0.33',
194 silly addNameRange     '2.1.0-alpha',
194 silly addNameRange     '2.0.34',
194 silly addNameRange     '2.0.35',
194 silly addNameRange     '2.0.36',
194 silly addNameRange     '2.0.37',
194 silly addNameRange     '2.0.38',
194 silly addNameRange     '2.0.39',
194 silly addNameRange     '1.4.39',
194 silly addNameRange     '2.0.40',
194 silly addNameRange     '2.0.41',
194 silly addNameRange     '2.0.42',
194 silly addNameRange     '2.0.43',
194 silly addNameRange     '2.0.44',
194 silly addNameRange     '2.0.45',
194 silly addNameRange     '2.0.46',
194 silly addNameRange     '2.0.47',
194 silly addNameRange     '2.0.48',
194 silly addNameRange     '2.1.0-rc1',
194 silly addNameRange     '2.0.49',
194 silly addNameRange     '2.0.50',
194 silly addNameRange     '2.1.0',
194 silly addNameRange     '2.0.51',
194 silly addNameRange     '2.1.1',
194 silly addNameRange     '2.0.52',
194 silly addNameRange     '2.0.53',
194 silly addNameRange     '2.1.2',
194 silly addNameRange     '2.1.3',
194 silly addNameRange     '2.0.54',
194 silly addNameRange     '2.0.55',
194 silly addNameRange     '1.4.40',
194 silly addNameRange     '2.1.4',
194 silly addNameRange     '2.1.5',
194 silly addNameRange     '2.1.6',
194 silly addNameRange     '2.1.7' ] ]
195 verbose addNamed [ 'mongodb', '2.0.55' ]
196 verbose addNamed [ '2.0.55', '2.0.55' ]
197 silly lockFile 3197bb3e-mongodb-2-0-55 mongodb@2.0.55
198 verbose lock mongodb@2.0.55 /Users/jenniferzhang/.npm/3197bb3e-mongodb-2-0-55.lock
199 silly lockFile df6e48a0-s-org-mongodb-mongodb-2-0-55-tgz https://registry.npmjs.org/mongodb/-/mongodb-2.0.55.tgz
200 verbose lock https://registry.npmjs.org/mongodb/-/mongodb-2.0.55.tgz /Users/jenniferzhang/.npm/df6e48a0-s-org-mongodb-mongodb-2-0-55-tgz.lock
201 http 200 https://registry.npmjs.org/monk/-/monk-1.0.1.tgz
202 verbose addRemoteTarball [ 'https://registry.npmjs.org/mongodb/-/mongodb-2.0.55.tgz',
202 verbose addRemoteTarball   'a09dd77259f6bba69f7dd592a011c11aa5761097' ]
203 info retry fetch attempt 1 at 13:20:06
204 verbose fetch to= /var/folders/2z/vy1hm12x67v1t75m2lk9nnbc0000gn/T/npm-18054-kAjrJrtG/registry.npmjs.org/mongodb/-/mongodb-2.0.55.tgz
205 http GET https://registry.npmjs.org/mongodb/-/mongodb-2.0.55.tgz
206 silly lockFile ab0349b4-ry-npmjs-org-monk-monk-1-0-1-tgz https://registry.npmjs.org/monk/-/monk-1.0.1.tgz
207 silly lockFile ab0349b4-ry-npmjs-org-monk-monk-1-0-1-tgz https://registry.npmjs.org/monk/-/monk-1.0.1.tgz
208 silly lockFile 6ea192be-monk-1-0-1 monk@1.0.1
209 silly lockFile 6ea192be-monk-1-0-1 monk@1.0.1
210 silly lockFile a1eaadbe-monk-1-0-1 monk@~1.0.1
211 silly lockFile a1eaadbe-monk-1-0-1 monk@~1.0.1
212 http 200 https://registry.npmjs.org/mongodb/-/mongodb-2.0.55.tgz
213 silly lockFile df6e48a0-s-org-mongodb-mongodb-2-0-55-tgz https://registry.npmjs.org/mongodb/-/mongodb-2.0.55.tgz
214 silly lockFile df6e48a0-s-org-mongodb-mongodb-2-0-55-tgz https://registry.npmjs.org/mongodb/-/mongodb-2.0.55.tgz
215 silly lockFile 3197bb3e-mongodb-2-0-55 mongodb@2.0.55
216 silly lockFile 3197bb3e-mongodb-2-0-55 mongodb@2.0.55
217 silly lockFile baf2b0cf-mongodb-2-0-33 mongodb@~2.0.33
218 silly lockFile baf2b0cf-mongodb-2-0-33 mongodb@~2.0.33
219 error Error: EACCES, mkdir '/Users/jenniferzhang/.npm/mongodb/2.0.55'
219 error  { [Error: EACCES, mkdir '/Users/jenniferzhang/.npm/mongodb/2.0.55']
219 error   errno: 3,
219 error   code: 'EACCES',
219 error   path: '/Users/jenniferzhang/.npm/mongodb/2.0.55',
219 error   parent: 'smartbell' }
220 error Please try running this command again as root/Administrator.
221 error System Darwin 15.3.0
222 error command "node" "/usr/local/bin/npm" "install"
223 error cwd /Users/jenniferzhang/src/smartbell
224 error node -v v0.10.35
225 error npm -v 1.4.28
226 error path /Users/jenniferzhang/.npm/mongodb/2.0.55
227 error code EACCES
228 error errno 3
229 error stack Error: EACCES, mkdir '/Users/jenniferzhang/.npm/mongodb/2.0.55'
230 verbose exit [ 3, true ]
